# JRE version: OpenJDK Runtime Environment (8.0_212) (build 1.8.0_212-release-1586-b4-5784211)
# Java VM: OpenJDK 64-Bit Server VM (25.212-b4-5784211 mixed mode linux-amd64 compressed oops)
Heap:
 PSYoungGen      total 461312K, used 35932K [0x00000000e0000000, 0x0000000100000000, 0x0000000100000000)
  eden space 398336K, 9% used [0x00000000e0000000,0x00000000e23171c0,0x00000000f8500000)
  from space 62976K, 0% used [0x00000000f8500000,0x00000000f8500000,0x00000000fc280000)
  to   space 62976K, 0% used [0x00000000fc280000,0x00000000fc280000,0x0000000100000000)
 ParOldGen       total 377344K, used 173988K [0x00000000a0000000, 0x00000000b7080000, 0x00000000e0000000)
  object space 377344K, 46% used [0x00000000a0000000,0x00000000aa9e93e8,0x00000000b7080000)
 Metaspace       used 109715K, capacity 114202K, committed 114560K, reserved 1148928K
  class space    used 13940K, capacity 14866K, committed 14976K, reserved 1048576K
GC Heap History (10 events):
Event: 3827,890 GC heap before
{Heap before GC invocations=58 (full 6):
 PSYoungGen      total 486400K, used 458235K [0x00000000e0000000, 0x0000000100000000, 0x0000000100000000)
  eden space 448512K, 100% used [0x00000000e0000000,0x00000000fb600000,0x00000000fb600000)
  from space 37888K, 25% used [0x00000000fb600000,0x00000000fbf7ec70,0x00000000fdb00000)
  to   space 36864K, 0% used [0x00000000fdc00000,0x00000000fdc00000,0x0000000100000000)
 ParOldGen       total 299008K, used 174843K [0x00000000a0000000, 0x00000000b2400000, 0x00000000e0000000)
  object space 299008K, 58% used [0x00000000a0000000,0x00000000aaabee60,0x00000000b2400000)
 Metaspace       used 108981K, capacity 113340K, committed 113792K, reserved 1148928K
  class space    used 13883K, capacity 14775K, committed 14976K, reserved 1048576K
Event: 3827,945 GC heap after
Heap after GC invocations=58 (full 6):
 PSYoungGen      total 484352K, used 6953K [0x00000000e0000000, 0x00000000ffe00000, 0x0000000100000000)
  eden space 449536K, 0% used [0x00000000e0000000,0x00000000e0000000,0x00000000fb700000)
  from space 34816K, 19% used [0x00000000fdc00000,0x00000000fe2ca7f0,0x00000000ffe00000)
  to   space 36352K, 0% used [0x00000000fb700000,0x00000000fb700000,0x00000000fda80000)
 ParOldGen       total 299008K, used 178914K [0x00000000a0000000, 0x00000000b2400000, 0x00000000e0000000)
  object space 299008K, 59% used [0x00000000a0000000,0x00000000aaeb8998,0x00000000b2400000)
 Metaspace       used 108981K, capacity 113340K, committed 113792K, reserved 1148928K
  class space    used 13883K, capacity 14775K, committed 14976K, reserved 1048576K
}
Event: 3831,150 GC heap before
{Heap before GC invocations=59 (full 6):
 PSYoungGen      total 484352K, used 456489K [0x00000000e0000000, 0x00000000ffe00000, 0x0000000100000000)
  eden space 449536K, 100% used [0x00000000e0000000,0x00000000fb700000,0x00000000fb700000)
  from space 34816K, 19% used [0x00000000fdc00000,0x00000000fe2ca7f0,0x00000000ffe00000)
  to   space 36352K, 0% used [0x00000000fb700000,0x00000000fb700000,0x00000000fda80000)
 ParOldGen       total 299008K, used 178914K [0x00000000a0000000, 0x00000000b2400000, 0x00000000e0000000)
  object space 299008K, 59% used [0x00000000a0000000,0x00000000aaeb8998,0x00000000b2400000)
 Metaspace       used 108982K, capacity 113340K, committed 113792K, reserved 1148928K
  class space    used 13883K, capacity 14775K, committed 14976K, reserved 1048576K
Event: 3831,192 GC heap after
Heap after GC invocations=59 (full 6):
 PSYoungGen      total 485888K, used 2304K [0x00000000e0000000, 0x0000000100000000, 0x0000000100000000)
  eden space 449536K, 0% used [0x00000000e0000000,0x00000000e0000000,0x00000000fb700000)
  from space 36352K, 6% used [0x00000000fb700000,0x00000000fb940000,0x00000000fda80000)
  to   space 36352K, 0% used [0x00000000fdc80000,0x00000000fdc80000,0x0000000100000000)
 ParOldGen       total 299008K, used 185045K [0x00000000a0000000, 0x00000000b2400000, 0x00000000e0000000)
  object space 299008K, 61% used [0x00000000a0000000,0x00000000ab4b5450,0x00000000b2400000)
 Metaspace       used 108982K, capacity 113340K, committed 113792K, reserved 1148928K
  class space    used 13883K, capacity 14775K, committed 14976K, reserved 1048576K
}
Event: 3838,027 GC heap before
{Heap before GC invocations=60 (full 6):
 PSYoungGen      total 485888K, used 451807K [0x00000000e0000000, 0x0000000100000000, 0x0000000100000000)
  eden space 449536K, 99% used [0x00000000e0000000,0x00000000fb6f7fc0,0x00000000fb700000)
  from space 36352K, 6% used [0x00000000fb700000,0x00000000fb940000,0x00000000fda80000)
  to   space 36352K, 0% used [0x00000000fdc80000,0x00000000fdc80000,0x0000000100000000)
 ParOldGen       total 299008K, used 185045K [0x00000000a0000000, 0x00000000b2400000, 0x00000000e0000000)
  object space 299008K, 61% used [0x00000000a0000000,0x00000000ab4b5450,0x00000000b2400000)
 Metaspace       used 109662K, capacity 114158K, committed 114304K, reserved 1148928K
  class space    used 13943K, capacity 14872K, committed 14976K, reserved 1048576K
Event: 3838,246 GC heap after
Heap after GC invocations=60 (full 6):
 PSYoungGen      total 434688K, used 36347K [0x00000000e0000000, 0x0000000100000000, 0x0000000100000000)
  eden space 398336K, 0% used [0x00000000e0000000,0x00000000e0000000,0x00000000f8500000)
  from space 36352K, 99% used [0x00000000fdc80000,0x00000000ffffece8,0x0000000100000000)
  to   space 62976K, 0% used [0x00000000f8500000,0x00000000f8500000,0x00000000fc280000)
 ParOldGen       total 299008K, used 239538K [0x00000000a0000000, 0x00000000b2400000, 0x00000000e0000000)
  object space 299008K, 80% used [0x00000000a0000000,0x00000000ae9ecba0,0x00000000b2400000)
 Metaspace       used 109662K, capacity 114158K, committed 114304K, reserved 1148928K
  class space    used 13943K, capacity 14872K, committed 14976K, reserved 1048576K
}
Event: 3845,884 GC heap before
{Heap before GC invocations=61 (full 6):
 PSYoungGen      total 434688K, used 434683K [0x00000000e0000000, 0x0000000100000000, 0x0000000100000000)
  eden space 398336K, 100% used [0x00000000e0000000,0x00000000f8500000,0x00000000f8500000)
  from space 36352K, 99% used [0x00000000fdc80000,0x00000000ffffece8,0x0000000100000000)
  to   space 62976K, 0% used [0x00000000f8500000,0x00000000f8500000,0x00000000fc280000)
 ParOldGen       total 299008K, used 239538K [0x00000000a0000000, 0x00000000b2400000, 0x00000000e0000000)
  object space 299008K, 80% used [0x00000000a0000000,0x00000000ae9ecba0,0x00000000b2400000)
 Metaspace       used 109723K, capacity 114226K, committed 114560K, reserved 1148928K
  class space    used 13943K, capacity 14872K, committed 14976K, reserved 1048576K
Event: 3846,410 GC heap after
Heap after GC invocations=61 (full 6):
 PSYoungGen      total 461312K, used 62970K [0x00000000e0000000, 0x0000000100000000, 0x0000000100000000)
  eden space 398336K, 0% used [0x00000000e0000000,0x00000000e0000000,0x00000000f8500000)
  from space 62976K, 99% used [0x00000000f8500000,0x00000000fc27ea98,0x00000000fc280000)
  to   space 62976K, 0% used [0x00000000fc280000,0x00000000fc280000,0x0000000100000000)
 ParOldGen       total 299008K, used 296705K [0x00000000a0000000, 0x00000000b2400000, 0x00000000e0000000)
  object space 299008K, 99% used [0x00000000a0000000,0x00000000b21c05b8,0x00000000b2400000)
 Metaspace       used 109723K, capacity 114226K, committed 114560K, reserved 1148928K
  class space    used 13943K, capacity 14872K, committed 14976K, reserved 1048576K
}
Event: 3846,410 GC heap before
{Heap before GC invocations=62 (full 7):
 PSYoungGen      total 461312K, used 62970K [0x00000000e0000000, 0x0000000100000000, 0x0000000100000000)
  eden space 398336K, 0% used [0x00000000e0000000,0x00000000e0000000,0x00000000f8500000)
  from space 62976K, 99% used [0x00000000f8500000,0x00000000fc27ea98,0x00000000fc280000)
  to   space 62976K, 0% used [0x00000000fc280000,0x00000000fc280000,0x0000000100000000)
 ParOldGen       total 299008K, used 296705K [0x00000000a0000000, 0x00000000b2400000, 0x00000000e0000000)
  object space 299008K, 99% used [0x00000000a0000000,0x00000000b21c05b8,0x00000000b2400000)
 Metaspace       used 109723K, capacity 114226K, committed 114560K, reserved 1148928K
  class space    used 13943K, capacity 14872K, committed 14976K, reserved 1048576K
Event: 3848,185 GC heap after
Heap after GC invocations=62 (full 7):
 PSYoungGen      total 461312K, used 0K [0x00000000e0000000, 0x0000000100000000, 0x0000000100000000)
  eden space 398336K, 0% used [0x00000000e0000000,0x00000000e0000000,0x00000000f8500000)
  from space 62976K, 0% used [0x00000000f8500000,0x00000000f8500000,0x00000000fc280000)
  to   space 62976K, 0% used [0x00000000fc280000,0x00000000fc280000,0x0000000100000000)
 ParOldGen       total 377344K, used 173988K [0x00000000a0000000, 0x00000000b7080000, 0x00000000e0000000)
  object space 377344K, 46% used [0x00000000a0000000,0x00000000aa9e93e8,0x00000000b7080000)
 Metaspace       used 109714K, capacity 114202K, committed 114560K, reserved 1148928K
  class space    used 13940K, capacity 14866K, committed 14976K, reserved 1048576K
}

